<?xml version="1.0" encoding="UTF-8"?>
<!-- Generated by org.testng.reporters.JUnitReportReporter -->
<testsuite ignored="0" hostname="MSI" failures="0" tests="1" name="localAPIExample.TC_01_GetUser_Static" time="1.275" errors="0" timestamp="04 Nov 2023 08:00:07 GMT" skipped="0">
  <testcase classname="localAPIExample.TC_01_GetUser_Static" name="verifyUserTest" time="1.275"/>
</testsuite> <!-- localAPIExample.TC_01_GetUser_Static -->
