<?xml version="1.0" encoding="UTF-8"?>
<!-- Generated by org.testng.reporters.JUnitReportReporter -->
<testsuite ignored="0" hostname="MSI" failures="0" tests="1" name="gitHUBExample.TC_01_GetRepo" time="1.967" errors="0" timestamp="04 Nov 2023 08:02:14 GMT" skipped="0">
  <testcase classname="gitHUBExample.TC_01_GetRepo" name="verifyUserTest" time="1.967"/>
</testsuite> <!-- gitHUBExample.TC_01_GetRepo -->
