<?xml version="1.0" encoding="UTF-8"?>
<!-- Generated by org.testng.reporters.JUnitReportReporter -->
<testsuite ignored="0" hostname="MSI" failures="0" tests="1" name="localAPIExampleStatic.TC_02_POST_CreateUser" time="1.855" errors="0" timestamp="04 Nov 2023 09:33:57 GMT" skipped="0">
  <testcase classname="localAPIExampleStatic.TC_02_POST_CreateUser" name="verifyListUserTest" time="1.855"/>
</testsuite> <!-- localAPIExampleStatic.TC_02_POST_CreateUser -->
