<?xml version="1.0" encoding="UTF-8"?>
<!-- Generated by org.testng.reporters.JUnitReportReporter -->
<testsuite hostname="MSI" failures="0" tests="1" name="localAPIExample.TC_01_GetUser" time="1.499" errors="0" timestamp="2023-11-04T13:03:18 IST" skipped="0">
  <testcase classname="localAPIExample.TC_01_GetUser" name="verifyUserTest" time="1.499"/>
  <system-out/>
</testsuite> <!-- localAPIExample.TC_01_GetUser -->
