<?xml version="1.0" encoding="UTF-8"?>
<!-- Generated by org.testng.reporters.JUnitReportReporter -->
<testsuite ignored="0" hostname="MSI" failures="0" tests="1" name="weatherAPI.TC_01_GetWeatherInfo" time="1.834" errors="0" timestamp="04 Nov 2023 08:12:34 GMT" skipped="0">
  <testcase classname="weatherAPI.TC_01_GetWeatherInfo" name="verifyUserTest" time="1.834"/>
</testsuite> <!-- weatherAPI.TC_01_GetWeatherInfo -->
